<?xml version="1.0" encoding="UTF-8"?>
<!-- Generated by org.testng.reporters.JUnitReportReporter -->
<testsuite hostname="DESKTOP-G0P5P02" failures="0" tests="1" name="swtpgms.testng1" time="0.069" errors="0" timestamp="2024-02-14T10:20:17 IST" skipped="0">
  <testcase classname="swtpgms.testng1" name="verifyHomepageTitle" time="0.069"/>
  <system-out/>
</testsuite> <!-- swtpgms.testng1 -->
