<?xml version="1.0" encoding="UTF-8"?>
<!-- Generated by org.testng.reporters.JUnitReportReporter -->
<testsuite hostname="DESKTOP-G0P5P02" failures="0" tests="1" name="swtpgms.logintest" time="0.049" errors="0" timestamp="2023-12-05T12:09:03 IST" skipped="0">
  <testcase classname="swtpgms.logintest" name="verifyHomepageTitle" time="0.049"/>
  <system-out/>
</testsuite> <!-- swtpgms.logintest -->
