<?xml version="1.0" encoding="UTF-8"?>
<!-- Generated by org.testng.reporters.JUnitReportReporter -->
<testsuite hostname="DESKTOP-G0P5P02" failures="0" tests="2" name="stmaven.sum" time="0.020" errors="0" timestamp="2024-01-22T11:40:11 IST" skipped="0">
  <testcase classname="stmaven.sum" name="sum1" time="0.003"/>
  <testcase classname="stmaven.sum" name="sub" time="0.017"/>
</testsuite> <!-- stmaven.sum -->
